Tarjeta/Library/Bee/Android/Prj/IL2CPP/Gradle/launcher/build/intermediates/manifest_merge_blame_file/release/manifest-merger-blame-release-report.txt
1<?xml version="1.0" encoding="utf-8"?>
2<manifest xmlns:android="http://schemas.android.com/apk/res/android"
3    package="com.DefaultCompany.Myproject"
4    android:installLocation="preferExternal"
5    android:versionCode="1"
6    android:versionName="0.1" >
7
8    <uses-sdk
9        android:minSdkVersion="23"
9-->src\main\AndroidManifest.xml
10        android:targetSdkVersion="32" />
10-->src\main\AndroidManifest.xml
11
12    <supports-screens
12-->src\main\AndroidManifest.xml:4:3-163
13        android:anyDensity="true"
13-->src\main\AndroidManifest.xml:4:135-160
14        android:largeScreens="true"
14-->src\main\AndroidManifest.xml:4:78-105
15        android:normalScreens="true"
15-->src\main\AndroidManifest.xml:4:49-77
16        android:smallScreens="true"
16-->src\main\AndroidManifest.xml:4:21-48
17        android:xlargeScreens="true" />
17-->src\main\AndroidManifest.xml:4:106-134
18
19    <uses-permission android:name="android.permission.CAMERA" />
19-->[:unityLibrary] AndroidManifest.xml:10:5-65
19-->[:unityLibrary] AndroidManifest.xml:10:22-62
20
21    <uses-feature android:glEsVersion="0x00030000" />
21-->[:unityLibrary] AndroidManifest.xml:12:5-54
21-->[:unityLibrary] AndroidManifest.xml:12:19-51
22    <uses-feature
22-->[:unityLibrary] AndroidManifest.xml:13:5-15:36
23        android:name="android.hardware.camera"
23-->[:unityLibrary] AndroidManifest.xml:14:9-47
24        android:required="true" />
24-->[:unityLibrary] AndroidManifest.xml:15:9-33
25    <uses-feature
25-->[:unityLibrary] AndroidManifest.xml:16:5-18:36
26        android:name="android.hardware.camera.autofocus"
26-->[:unityLibrary] AndroidManifest.xml:17:9-57
27        android:required="false" />
27-->[:unityLibrary] AndroidManifest.xml:18:9-33
28    <uses-feature
28-->[:unityLibrary] AndroidManifest.xml:19:5-21:36
29        android:name="android.hardware.camera.front"
29-->[:unityLibrary] AndroidManifest.xml:20:9-53
30        android:required="false" />
30-->[:unityLibrary] AndroidManifest.xml:21:9-33
31    <uses-feature
31-->[:unityLibrary] AndroidManifest.xml:22:5-24:36
32        android:name="android.hardware.touchscreen"
32-->[:unityLibrary] AndroidManifest.xml:23:9-52
33        android:required="false" />
33-->[:unityLibrary] AndroidManifest.xml:24:9-33
34    <uses-feature
34-->[:unityLibrary] AndroidManifest.xml:25:5-27:36
35        android:name="android.hardware.touchscreen.multitouch"
35-->[:unityLibrary] AndroidManifest.xml:26:9-63
36        android:required="false" />
36-->[:unityLibrary] AndroidManifest.xml:27:9-33
37    <uses-feature
37-->[:unityLibrary] AndroidManifest.xml:28:5-30:36
38        android:name="android.hardware.touchscreen.multitouch.distinct"
38-->[:unityLibrary] AndroidManifest.xml:29:9-72
39        android:required="false" />
39-->[:unityLibrary] AndroidManifest.xml:30:9-33
40
41    <queries>
41-->[com.google.ar:core:1.36.0] AndroidManifest.xml:20:5-22:15
42        <package android:name="com.google.ar.core" />
42-->[com.google.ar:core:1.36.0] AndroidManifest.xml:21:9-54
42-->[com.google.ar:core:1.36.0] AndroidManifest.xml:21:18-51
43    </queries>
44    <!--
45        Required by Vuforia: Add this permission to access IMU sensors at high rate
46        for device tracker functionality on Android 12+.
47    -->
48    <uses-permission android:name="android.permission.HIGH_SAMPLING_RATE_SENSORS" /> <!-- Required by Vuforia: Add this permission to allow checking of network. -->
48-->[:VuforiaEngine:] AndroidManifest.xml:16:5-85
48-->[:VuforiaEngine:] AndroidManifest.xml:16:22-82
49    <uses-permission android:name="android.permission.ACCESS_NETWORK_STATE" /> <!-- Required by Vuforia: Add this permission to allow opening network sockets. -->
49-->[:VuforiaEngine:] AndroidManifest.xml:19:5-79
49-->[:VuforiaEngine:] AndroidManifest.xml:19:22-76
50    <uses-permission android:name="android.permission.INTERNET" />
50-->[:VuforiaEngine:] AndroidManifest.xml:22:5-67
50-->[:VuforiaEngine:] AndroidManifest.xml:22:22-64
51
52    <application
52-->src\main\AndroidManifest.xml:3:3-83
53        android:extractNativeLibs="true"
53-->[:unityLibrary] AndroidManifest.xml:32:18-50
54        android:icon="@mipmap/app_icon"
54-->src\main\AndroidManifest.xml:3:49-80
55        android:label="@string/app_name" >
55-->src\main\AndroidManifest.xml:3:16-48
56        <meta-data
56-->[:unityLibrary] AndroidManifest.xml:33:9-35:33
57            android:name="unity.splash-mode"
57-->[:unityLibrary] AndroidManifest.xml:34:13-45
58            android:value="0" />
58-->[:unityLibrary] AndroidManifest.xml:35:13-30
59        <meta-data
59-->[:unityLibrary] AndroidManifest.xml:36:9-38:36
60            android:name="unity.splash-enable"
60-->[:unityLibrary] AndroidManifest.xml:37:13-47
61            android:value="True" />
61-->[:unityLibrary] AndroidManifest.xml:38:13-33
62        <meta-data
62-->[:unityLibrary] AndroidManifest.xml:39:9-41:36
63            android:name="unity.launch-fullscreen"
63-->[:unityLibrary] AndroidManifest.xml:40:13-51
64            android:value="True" />
64-->[:unityLibrary] AndroidManifest.xml:41:13-33
65        <meta-data
65-->[:unityLibrary] AndroidManifest.xml:42:9-44:37
66            android:name="unity.allow-resizable-window"
66-->[:unityLibrary] AndroidManifest.xml:43:13-56
67            android:value="False" />
67-->[:unityLibrary] AndroidManifest.xml:44:13-34
68        <meta-data
68-->[:unityLibrary] AndroidManifest.xml:45:9-47:36
69            android:name="unity.auto-report-fully-drawn"
69-->[:unityLibrary] AndroidManifest.xml:46:13-57
70            android:value="true" />
70-->[:unityLibrary] AndroidManifest.xml:47:13-33
71
72        <activity
72-->[:unityLibrary] AndroidManifest.xml:49:9-67:20
73            android:name="com.unity3d.player.UnityPlayerActivity"
73-->[:unityLibrary] AndroidManifest.xml:50:13-66
74            android:configChanges="mcc|mnc|locale|touchscreen|keyboard|keyboardHidden|navigation|orientation|screenLayout|uiMode|screenSize|smallestScreenSize|fontScale|layoutDirection|density"
74-->[:unityLibrary] AndroidManifest.xml:51:13-194
75            android:exported="true"
75-->[:unityLibrary] AndroidManifest.xml:52:13-36
76            android:hardwareAccelerated="false"
76-->[:unityLibrary] AndroidManifest.xml:53:13-48
77            android:launchMode="singleTask"
77-->[:unityLibrary] AndroidManifest.xml:54:13-44
78            android:resizeableActivity="false"
78-->[:unityLibrary] AndroidManifest.xml:55:13-47
79            android:screenOrientation="fullUser"
79-->[:unityLibrary] AndroidManifest.xml:56:13-49
80            android:theme="@style/UnityThemeSelector" >
80-->[:unityLibrary] AndroidManifest.xml:57:13-54
81            <intent-filter>
81-->[:unityLibrary] AndroidManifest.xml:58:13-62:29
82                <category android:name="android.intent.category.LAUNCHER" />
82-->[:unityLibrary] AndroidManifest.xml:59:17-77
82-->[:unityLibrary] AndroidManifest.xml:59:27-74
83
84                <action android:name="android.intent.action.MAIN" />
84-->[:unityLibrary] AndroidManifest.xml:61:17-69
84-->[:unityLibrary] AndroidManifest.xml:61:25-66
85            </intent-filter>
86
87            <meta-data
87-->[:unityLibrary] AndroidManifest.xml:64:13-66:40
88                android:name="unityplayer.UnityActivity"
88-->[:unityLibrary] AndroidManifest.xml:65:17-57
89                android:value="true" />
89-->[:unityLibrary] AndroidManifest.xml:66:17-37
90        </activity>
91
92        <meta-data
92-->[:unityLibrary] AndroidManifest.xml:69:9-71:40
93            android:name="com.google.ar.core"
93-->[:unityLibrary] AndroidManifest.xml:70:13-46
94            android:value="optional" /> <!-- The minimal version code of ARCore APK required for an app using this SDK. -->
94-->[:unityLibrary] AndroidManifest.xml:71:13-37
95        <meta-data
95-->[com.google.ar:core:1.36.0] AndroidManifest.xml:27:9-29:41
96            android:name="com.google.ar.core.min_apk_version"
96-->[com.google.ar:core:1.36.0] AndroidManifest.xml:28:13-62
97            android:value="223110000" /> <!-- This activity is critical for installing ARCore when it is not already present. -->
97-->[com.google.ar:core:1.36.0] AndroidManifest.xml:29:13-38
98        <activity
98-->[com.google.ar:core:1.36.0] AndroidManifest.xml:31:9-37:80
99            android:name="com.google.ar.core.InstallActivity"
99-->[com.google.ar:core:1.36.0] AndroidManifest.xml:32:13-62
100            android:configChanges="keyboardHidden|orientation|screenSize"
100-->[com.google.ar:core:1.36.0] AndroidManifest.xml:33:13-74
101            android:excludeFromRecents="true"
101-->[com.google.ar:core:1.36.0] AndroidManifest.xml:34:13-46
102            android:exported="false"
102-->[com.google.ar:core:1.36.0] AndroidManifest.xml:35:13-37
103            android:launchMode="singleTop"
103-->[com.google.ar:core:1.36.0] AndroidManifest.xml:36:13-43
104            android:theme="@android:style/Theme.Material.Light.Dialog.Alert" />
104-->[com.google.ar:core:1.36.0] AndroidManifest.xml:37:13-77
105
106        <provider
106-->[:VuforiaEngine:] AndroidManifest.xml:25:9-33:20
107            android:name="com.vuforia.engine.app.VuforiaContentProvider"
107-->[:VuforiaEngine:] AndroidManifest.xml:26:13-73
108            android:authorities="com.DefaultCompany.Myproject.vuforia.share"
108-->[:VuforiaEngine:] AndroidManifest.xml:27:13-65
109            android:exported="false"
109-->[:VuforiaEngine:] AndroidManifest.xml:28:13-37
110            android:grantUriPermissions="true" >
110-->[:VuforiaEngine:] AndroidManifest.xml:29:13-47
111            <meta-data
111-->[:VuforiaEngine:] AndroidManifest.xml:30:13-32:53
112                android:name="android.support.FILE_PROVIDER_PATHS"
112-->[:VuforiaEngine:] AndroidManifest.xml:31:17-67
113                android:resource="@xml/filepaths" />
113-->[:VuforiaEngine:] AndroidManifest.xml:32:17-50
114        </provider>
115    </application>
116
117</manifest>